<?xml version="1.0" encoding="UTF-8"?>
<testng-results skipped="2" failed="0" ignored="0" total="11" passed="9">
  <reporter-output>
  </reporter-output>
  <suite name="Suite" duration-ms="706428" started-at="2018-04-08T13:45:12Z" finished-at="2018-04-08T13:56:59Z">
    <groups>
    </groups>
    <test name="Test" duration-ms="706428" started-at="2018-04-08T13:45:12Z" finished-at="2018-04-08T13:56:59Z">
      <class name="TestCases.HomePageTest">
        <test-method status="PASS" signature="setup()[pri:0, instance:TestCases.HomePageTest@a3ffec]" name="setup" is-config="true" duration-ms="25315" started-at="2018-04-08T19:15:14Z" finished-at="2018-04-08T19:15:39Z">
          <reporter-output>
          </reporter-output>
        </test-method> <!-- setup -->
        <test-method status="PASS" signature="performSearch(java.lang.String, java.lang.String, java.lang.String, java.lang.String, java.lang.String)[pri:0, instance:TestCases.HomePageTest@a3ffec]" name="performSearch" duration-ms="40026" started-at="2018-04-08T19:15:39Z" data-provider="SearchTestData" finished-at="2018-04-08T19:16:19Z">
          <params>
            <param index="0">
              <value>
                <![CDATA[Gary Abbott]]>
              </value>
            </param>
            <param index="1">
              <value>
                <![CDATA[aHUS - HCO]]>
              </value>
            </param>
            <param index="2">
              <value>
                <![CDATA[]]>
              </value>
            </param>
            <param index="3">
              <value>
                <![CDATA[563]]>
              </value>
            </param>
            <param index="4">
              <value>
                <![CDATA[2534]]>
              </value>
            </param>
          </params>
          <reporter-output>
          </reporter-output>
        </test-method> <!-- performSearch -->
        <test-method status="PASS" signature="tearDown(org.testng.ITestResult)[pri:0, instance:TestCases.HomePageTest@a3ffec]" name="tearDown" is-config="true" duration-ms="1413" started-at="2018-04-08T19:16:19Z" finished-at="2018-04-08T19:16:21Z">
          <params>
            <param index="0">
              <value>
                <![CDATA[[TestResult name=performSearch status=SUCCESS method=HomePageTest.performSearch(java.lang.String, java.lang.String, java.lang.String, java.lang.String, java.lang.String)[pri:0, instance:TestCases.HomePageTest@a3ffec] output={null}]]]>
              </value>
            </param>
          </params>
          <reporter-output>
          </reporter-output>
        </test-method> <!-- tearDown -->
        <test-method status="PASS" signature="setup()[pri:0, instance:TestCases.HomePageTest@a3ffec]" name="setup" is-config="true" duration-ms="23445" started-at="2018-04-08T19:16:21Z" finished-at="2018-04-08T19:16:44Z">
          <reporter-output>
          </reporter-output>
        </test-method> <!-- setup -->
        <test-method status="PASS" signature="performSearch(java.lang.String, java.lang.String, java.lang.String, java.lang.String, java.lang.String)[pri:0, instance:TestCases.HomePageTest@a3ffec]" name="performSearch" duration-ms="39452" started-at="2018-04-08T19:16:44Z" data-provider="SearchTestData" finished-at="2018-04-08T19:17:24Z">
          <params>
            <param index="0">
              <value>
                <![CDATA[Gary Abbott]]>
              </value>
            </param>
            <param index="1">
              <value>
                <![CDATA[aHUS - HCP]]>
              </value>
            </param>
            <param index="2">
              <value>
                <![CDATA[]]>
              </value>
            </param>
            <param index="3">
              <value>
                <![CDATA[563]]>
              </value>
            </param>
            <param index="4">
              <value>
                <![CDATA[2534]]>
              </value>
            </param>
          </params>
          <reporter-output>
          </reporter-output>
        </test-method> <!-- performSearch -->
        <test-method status="PASS" signature="tearDown(org.testng.ITestResult)[pri:0, instance:TestCases.HomePageTest@a3ffec]" name="tearDown" is-config="true" duration-ms="2874" started-at="2018-04-08T19:17:24Z" finished-at="2018-04-08T19:17:26Z">
          <params>
            <param index="0">
              <value>
                <![CDATA[[TestResult name=performSearch status=SUCCESS method=HomePageTest.performSearch(java.lang.String, java.lang.String, java.lang.String, java.lang.String, java.lang.String)[pri:0, instance:TestCases.HomePageTest@a3ffec] output={null}]]]>
              </value>
            </param>
          </params>
          <reporter-output>
          </reporter-output>
        </test-method> <!-- tearDown -->
        <test-method status="PASS" signature="setup()[pri:0, instance:TestCases.HomePageTest@a3ffec]" name="setup" is-config="true" duration-ms="23447" started-at="2018-04-08T19:17:26Z" finished-at="2018-04-08T19:17:50Z">
          <reporter-output>
          </reporter-output>
        </test-method> <!-- setup -->
        <test-method status="PASS" signature="performSearch(java.lang.String, java.lang.String, java.lang.String, java.lang.String, java.lang.String)[pri:0, instance:TestCases.HomePageTest@a3ffec]" name="performSearch" duration-ms="34846" started-at="2018-04-08T19:17:50Z" data-provider="SearchTestData" finished-at="2018-04-08T19:18:25Z">
          <params>
            <param index="0">
              <value>
                <![CDATA[Gary Abbott]]>
              </value>
            </param>
            <param index="1">
              <value>
                <![CDATA[HPP - HCO]]>
              </value>
            </param>
            <param index="2">
              <value>
                <![CDATA[]]>
              </value>
            </param>
            <param index="3">
              <value>
                <![CDATA[563]]>
              </value>
            </param>
            <param index="4">
              <value>
                <![CDATA[2534]]>
              </value>
            </param>
          </params>
          <reporter-output>
          </reporter-output>
        </test-method> <!-- performSearch -->
        <test-method status="PASS" signature="tearDown(org.testng.ITestResult)[pri:0, instance:TestCases.HomePageTest@a3ffec]" name="tearDown" is-config="true" duration-ms="2810" started-at="2018-04-08T19:18:25Z" finished-at="2018-04-08T19:18:28Z">
          <params>
            <param index="0">
              <value>
                <![CDATA[[TestResult name=performSearch status=SUCCESS method=HomePageTest.performSearch(java.lang.String, java.lang.String, java.lang.String, java.lang.String, java.lang.String)[pri:0, instance:TestCases.HomePageTest@a3ffec] output={null}]]]>
              </value>
            </param>
          </params>
          <reporter-output>
          </reporter-output>
        </test-method> <!-- tearDown -->
        <test-method status="PASS" signature="setup()[pri:0, instance:TestCases.HomePageTest@a3ffec]" name="setup" is-config="true" duration-ms="28099" started-at="2018-04-08T19:18:28Z" finished-at="2018-04-08T19:18:56Z">
          <reporter-output>
          </reporter-output>
        </test-method> <!-- setup -->
        <test-method status="PASS" signature="performSearch(java.lang.String, java.lang.String, java.lang.String, java.lang.String, java.lang.String)[pri:0, instance:TestCases.HomePageTest@a3ffec]" name="performSearch" duration-ms="35631" started-at="2018-04-08T19:18:56Z" data-provider="SearchTestData" finished-at="2018-04-08T19:19:31Z">
          <params>
            <param index="0">
              <value>
                <![CDATA[Gary Abbott]]>
              </value>
            </param>
            <param index="1">
              <value>
                <![CDATA[HPP - HCP]]>
              </value>
            </param>
            <param index="2">
              <value>
                <![CDATA[]]>
              </value>
            </param>
            <param index="3">
              <value>
                <![CDATA[563]]>
              </value>
            </param>
            <param index="4">
              <value>
                <![CDATA[2534]]>
              </value>
            </param>
          </params>
          <reporter-output>
          </reporter-output>
        </test-method> <!-- performSearch -->
        <test-method status="PASS" signature="tearDown(org.testng.ITestResult)[pri:0, instance:TestCases.HomePageTest@a3ffec]" name="tearDown" is-config="true" duration-ms="2851" started-at="2018-04-08T19:19:31Z" finished-at="2018-04-08T19:19:34Z">
          <params>
            <param index="0">
              <value>
                <![CDATA[[TestResult name=performSearch status=SUCCESS method=HomePageTest.performSearch(java.lang.String, java.lang.String, java.lang.String, java.lang.String, java.lang.String)[pri:0, instance:TestCases.HomePageTest@a3ffec] output={null}]]]>
              </value>
            </param>
          </params>
          <reporter-output>
          </reporter-output>
        </test-method> <!-- tearDown -->
        <test-method status="PASS" signature="setup()[pri:0, instance:TestCases.HomePageTest@a3ffec]" name="setup" is-config="true" duration-ms="20789" started-at="2018-04-08T19:19:34Z" finished-at="2018-04-08T19:19:55Z">
          <reporter-output>
          </reporter-output>
        </test-method> <!-- setup -->
        <test-method status="PASS" signature="performSearch(java.lang.String, java.lang.String, java.lang.String, java.lang.String, java.lang.String)[pri:0, instance:TestCases.HomePageTest@a3ffec]" name="performSearch" duration-ms="40656" started-at="2018-04-08T19:19:55Z" data-provider="SearchTestData" finished-at="2018-04-08T19:20:36Z">
          <params>
            <param index="0">
              <value>
                <![CDATA[Gary Abbott]]>
              </value>
            </param>
            <param index="1">
              <value>
                <![CDATA[LAL-D - HCO]]>
              </value>
            </param>
            <param index="2">
              <value>
                <![CDATA[]]>
              </value>
            </param>
            <param index="3">
              <value>
                <![CDATA[563]]>
              </value>
            </param>
            <param index="4">
              <value>
                <![CDATA[2534]]>
              </value>
            </param>
          </params>
          <reporter-output>
          </reporter-output>
        </test-method> <!-- performSearch -->
        <test-method status="PASS" signature="tearDown(org.testng.ITestResult)[pri:0, instance:TestCases.HomePageTest@a3ffec]" name="tearDown" is-config="true" duration-ms="863" started-at="2018-04-08T19:20:36Z" finished-at="2018-04-08T19:20:36Z">
          <params>
            <param index="0">
              <value>
                <![CDATA[[TestResult name=performSearch status=SUCCESS method=HomePageTest.performSearch(java.lang.String, java.lang.String, java.lang.String, java.lang.String, java.lang.String)[pri:0, instance:TestCases.HomePageTest@a3ffec] output={null}]]]>
              </value>
            </param>
          </params>
          <reporter-output>
          </reporter-output>
        </test-method> <!-- tearDown -->
        <test-method status="PASS" signature="setup()[pri:0, instance:TestCases.HomePageTest@a3ffec]" name="setup" is-config="true" duration-ms="20845" started-at="2018-04-08T19:20:36Z" finished-at="2018-04-08T19:20:57Z">
          <reporter-output>
          </reporter-output>
        </test-method> <!-- setup -->
        <test-method status="SKIP" signature="performSearch(java.lang.String, java.lang.String, java.lang.String, java.lang.String, java.lang.String)[pri:0, instance:TestCases.HomePageTest@a3ffec]" name="performSearch" duration-ms="48202" started-at="2018-04-08T19:20:57Z" data-provider="SearchTestData" finished-at="2018-04-08T19:21:45Z">
          <params>
            <param index="0">
              <value>
                <![CDATA[Gary Abbott]]>
              </value>
            </param>
            <param index="1">
              <value>
                <![CDATA[PNH - HCO]]>
              </value>
            </param>
            <param index="2">
              <value>
                <![CDATA[]]>
              </value>
            </param>
            <param index="3">
              <value>
                <![CDATA[563]]>
              </value>
            </param>
            <param index="4">
              <value>
                <![CDATA[2534]]>
              </value>
            </param>
          </params>
          <exception class="org.openqa.selenium.NoSuchElementException">
            <message>
              <![CDATA[no such element: Unable to locate element: {"method":"xpath","selector":"//a[contains(text(),'Abbas, Ibraheem')]"}
  (Session info: chrome=65.0.3325.181)
  (Driver info: chromedriver=2.36.540470 (e522d04694c7ebea4ba8821272dbef4f9b818c91),platform=Windows NT 6.3.9600 x86) (WARNING: The server did not provide any stacktrace information)
Command duration or timeout: 0 milliseconds
For documentation on this error, please visit: http://seleniumhq.org/exceptions/no_such_element.html
Build info: version: '3.7.1', revision: '8a0099a', time: '2017-11-06T21:01:39.354Z'
System info: host: 'ATISH', ip: '192.168.0.3', os.name: 'Windows 8.1', os.arch: 'x86', os.version: '6.3', java.version: '1.8.0_121'
Driver info: org.openqa.selenium.chrome.ChromeDriver
Capabilities {acceptInsecureCerts: false, acceptSslCerts: false, applicationCacheEnabled: false, browserConnectionEnabled: false, browserName: chrome, chrome: {chromedriverVersion: 2.36.540470 (e522d04694c7eb..., userDataDir: C:\Users\ATISHK~1\AppData\L...}, cssSelectorsEnabled: true, databaseEnabled: false, handlesAlerts: true, hasTouchScreen: false, javascriptEnabled: true, locationContextEnabled: true, mobileEmulationEnabled: false, nativeEvents: true, networkConnectionEnabled: false, pageLoadStrategy: normal, platform: XP, platformName: XP, rotatable: false, setWindowRect: true, takesHeapSnapshot: true, takesScreenshot: true, unexpectedAlertBehaviour: , unhandledPromptBehavior: , version: 65.0.3325.181, webStorageEnabled: true}
Session ID: c5061803f6fd22c05f3bc9ea8bdb8d4c
*** Element info: {Using=xpath, value=//a[contains(text(),'Abbas, Ibraheem')]}]]>
            </message>
            <full-stacktrace>
              <![CDATA[org.openqa.selenium.NoSuchElementException: no such element: Unable to locate element: {"method":"xpath","selector":"//a[contains(text(),'Abbas, Ibraheem')]"}
  (Session info: chrome=65.0.3325.181)
  (Driver info: chromedriver=2.36.540470 (e522d04694c7ebea4ba8821272dbef4f9b818c91),platform=Windows NT 6.3.9600 x86) (WARNING: The server did not provide any stacktrace information)
Command duration or timeout: 0 milliseconds
For documentation on this error, please visit: http://seleniumhq.org/exceptions/no_such_element.html
Build info: version: '3.7.1', revision: '8a0099a', time: '2017-11-06T21:01:39.354Z'
System info: host: 'ATISH', ip: '192.168.0.3', os.name: 'Windows 8.1', os.arch: 'x86', os.version: '6.3', java.version: '1.8.0_121'
Driver info: org.openqa.selenium.chrome.ChromeDriver
Capabilities {acceptInsecureCerts: false, acceptSslCerts: false, applicationCacheEnabled: false, browserConnectionEnabled: false, browserName: chrome, chrome: {chromedriverVersion: 2.36.540470 (e522d04694c7eb..., userDataDir: C:\Users\ATISHK~1\AppData\L...}, cssSelectorsEnabled: true, databaseEnabled: false, handlesAlerts: true, hasTouchScreen: false, javascriptEnabled: true, locationContextEnabled: true, mobileEmulationEnabled: false, nativeEvents: true, networkConnectionEnabled: false, pageLoadStrategy: normal, platform: XP, platformName: XP, rotatable: false, setWindowRect: true, takesHeapSnapshot: true, takesScreenshot: true, unexpectedAlertBehaviour: , unhandledPromptBehavior: , version: 65.0.3325.181, webStorageEnabled: true}
Session ID: c5061803f6fd22c05f3bc9ea8bdb8d4c
*** Element info: {Using=xpath, value=//a[contains(text(),'Abbas, Ibraheem')]}
	at sun.reflect.NativeConstructorAccessorImpl.newInstance0(Native Method)
	at sun.reflect.NativeConstructorAccessorImpl.newInstance(NativeConstructorAccessorImpl.java:62)
	at sun.reflect.DelegatingConstructorAccessorImpl.newInstance(DelegatingConstructorAccessorImpl.java:45)
	at java.lang.reflect.Constructor.newInstance(Constructor.java:423)
	at org.openqa.selenium.remote.ErrorHandler.createThrowable(ErrorHandler.java:214)
	at org.openqa.selenium.remote.ErrorHandler.throwIfResponseFailed(ErrorHandler.java:166)
	at org.openqa.selenium.remote.http.JsonHttpResponseCodec.reconstructValue(JsonHttpResponseCodec.java:40)
	at org.openqa.selenium.remote.http.AbstractHttpResponseCodec.decode(AbstractHttpResponseCodec.java:80)
	at org.openqa.selenium.remote.http.AbstractHttpResponseCodec.decode(AbstractHttpResponseCodec.java:44)
	at org.openqa.selenium.remote.HttpCommandExecutor.execute(HttpCommandExecutor.java:164)
	at org.openqa.selenium.remote.service.DriverCommandExecutor.execute(DriverCommandExecutor.java:83)
	at org.openqa.selenium.remote.RemoteWebDriver.execute(RemoteWebDriver.java:600)
	at org.openqa.selenium.remote.RemoteWebDriver.findElement(RemoteWebDriver.java:370)
	at org.openqa.selenium.remote.RemoteWebDriver.findElementByXPath(RemoteWebDriver.java:472)
	at org.openqa.selenium.By$ByXPath.findElement(By.java:361)
	at org.openqa.selenium.remote.RemoteWebDriver.findElement(RemoteWebDriver.java:362)
	at TestUtility.Util.findElement(Util.java:129)
	at TestUtility.Util.waitForElement(Util.java:174)
	at TestCases.HomePageTest.clickOnProfessional(HomePageTest.java:71)
	at TestCases.HomePageTest.performSearch(HomePageTest.java:172)
	at sun.reflect.NativeMethodAccessorImpl.invoke0(Native Method)
	at sun.reflect.NativeMethodAccessorImpl.invoke(NativeMethodAccessorImpl.java:62)
	at sun.reflect.DelegatingMethodAccessorImpl.invoke(DelegatingMethodAccessorImpl.java:43)
	at java.lang.reflect.Method.invoke(Method.java:498)
	at org.testng.internal.MethodInvocationHelper.invokeMethod(MethodInvocationHelper.java:108)
	at org.testng.internal.Invoker.invokeMethod(Invoker.java:661)
	at org.testng.internal.Invoker.invokeTestMethod(Invoker.java:869)
	at org.testng.internal.Invoker.invokeTestMethods(Invoker.java:1193)
	at org.testng.internal.TestMethodWorker.invokeTestMethods(TestMethodWorker.java:126)
	at org.testng.internal.TestMethodWorker.run(TestMethodWorker.java:109)
	at java.util.concurrent.ThreadPoolExecutor.runWorker(ThreadPoolExecutor.java:1142)
	at java.util.concurrent.ThreadPoolExecutor$Worker.run(ThreadPoolExecutor.java:617)
	at java.lang.Thread.run(Thread.java:745)
]]>
            </full-stacktrace>
          </exception> <!-- org.openqa.selenium.NoSuchElementException -->
          <reporter-output>
          </reporter-output>
        </test-method> <!-- performSearch -->
        <test-method status="PASS" signature="tearDown(org.testng.ITestResult)[pri:0, instance:TestCases.HomePageTest@a3ffec]" name="tearDown" is-config="true" duration-ms="2848" started-at="2018-04-08T19:21:45Z" finished-at="2018-04-08T19:21:48Z">
          <params>
            <param index="0">
              <value>
                <![CDATA[[TestResult name=performSearch status=SKIP method=HomePageTest.performSearch(java.lang.String, java.lang.String, java.lang.String, java.lang.String, java.lang.String)[pri:0, instance:TestCases.HomePageTest@a3ffec] output={null}]]]>
              </value>
            </param>
          </params>
          <reporter-output>
          </reporter-output>
        </test-method> <!-- tearDown -->
        <test-method status="PASS" signature="setup()[pri:0, instance:TestCases.HomePageTest@a3ffec]" name="setup" is-config="true" duration-ms="24867" started-at="2018-04-08T19:21:48Z" finished-at="2018-04-08T19:22:13Z">
          <reporter-output>
          </reporter-output>
        </test-method> <!-- setup -->
        <test-method status="PASS" signature="performSearch(java.lang.String, java.lang.String, java.lang.String, java.lang.String, java.lang.String)[pri:0, instance:TestCases.HomePageTest@a3ffec]" name="performSearch" duration-ms="39513" started-at="2018-04-08T19:22:13Z" data-provider="SearchTestData" finished-at="2018-04-08T19:22:53Z">
          <params>
            <param index="0">
              <value>
                <![CDATA[Gary Abbott]]>
              </value>
            </param>
            <param index="1">
              <value>
                <![CDATA[PNH - HCO]]>
              </value>
            </param>
            <param index="2">
              <value>
                <![CDATA[]]>
              </value>
            </param>
            <param index="3">
              <value>
                <![CDATA[563]]>
              </value>
            </param>
            <param index="4">
              <value>
                <![CDATA[2534]]>
              </value>
            </param>
          </params>
          <reporter-output>
          </reporter-output>
        </test-method> <!-- performSearch -->
        <test-method status="PASS" signature="tearDown(org.testng.ITestResult)[pri:0, instance:TestCases.HomePageTest@a3ffec]" name="tearDown" is-config="true" duration-ms="3424" started-at="2018-04-08T19:22:53Z" finished-at="2018-04-08T19:22:56Z">
          <params>
            <param index="0">
              <value>
                <![CDATA[[TestResult name=performSearch status=SUCCESS method=HomePageTest.performSearch(java.lang.String, java.lang.String, java.lang.String, java.lang.String, java.lang.String)[pri:0, instance:TestCases.HomePageTest@a3ffec] output={null}]]]>
              </value>
            </param>
          </params>
          <reporter-output>
          </reporter-output>
        </test-method> <!-- tearDown -->
        <test-method status="PASS" signature="setup()[pri:0, instance:TestCases.HomePageTest@a3ffec]" name="setup" is-config="true" duration-ms="24313" started-at="2018-04-08T19:22:56Z" finished-at="2018-04-08T19:23:21Z">
          <reporter-output>
          </reporter-output>
        </test-method> <!-- setup -->
        <test-method status="SKIP" signature="performSearch(java.lang.String, java.lang.String, java.lang.String, java.lang.String, java.lang.String)[pri:0, instance:TestCases.HomePageTest@a3ffec]" name="performSearch" duration-ms="39276" started-at="2018-04-08T19:23:21Z" data-provider="SearchTestData" finished-at="2018-04-08T19:24:00Z">
          <params>
            <param index="0">
              <value>
                <![CDATA[Gary Abbott]]>
              </value>
            </param>
            <param index="1">
              <value>
                <![CDATA[PNH - HCP]]>
              </value>
            </param>
            <param index="2">
              <value>
                <![CDATA[]]>
              </value>
            </param>
            <param index="3">
              <value>
                <![CDATA[563]]>
              </value>
            </param>
            <param index="4">
              <value>
                <![CDATA[2534]]>
              </value>
            </param>
          </params>
          <exception class="org.openqa.selenium.NoSuchElementException">
            <message>
              <![CDATA[no such element: Unable to locate element: {"method":"xpath","selector":"//a[contains(text(),'Abbas, Ibraheem')]"}
  (Session info: chrome=65.0.3325.181)
  (Driver info: chromedriver=2.36.540470 (e522d04694c7ebea4ba8821272dbef4f9b818c91),platform=Windows NT 6.3.9600 x86) (WARNING: The server did not provide any stacktrace information)
Command duration or timeout: 0 milliseconds
For documentation on this error, please visit: http://seleniumhq.org/exceptions/no_such_element.html
Build info: version: '3.7.1', revision: '8a0099a', time: '2017-11-06T21:01:39.354Z'
System info: host: 'ATISH', ip: '192.168.0.3', os.name: 'Windows 8.1', os.arch: 'x86', os.version: '6.3', java.version: '1.8.0_121'
Driver info: org.openqa.selenium.chrome.ChromeDriver
Capabilities {acceptInsecureCerts: false, acceptSslCerts: false, applicationCacheEnabled: false, browserConnectionEnabled: false, browserName: chrome, chrome: {chromedriverVersion: 2.36.540470 (e522d04694c7eb..., userDataDir: C:\Users\ATISHK~1\AppData\L...}, cssSelectorsEnabled: true, databaseEnabled: false, handlesAlerts: true, hasTouchScreen: false, javascriptEnabled: true, locationContextEnabled: true, mobileEmulationEnabled: false, nativeEvents: true, networkConnectionEnabled: false, pageLoadStrategy: normal, platform: XP, platformName: XP, rotatable: false, setWindowRect: true, takesHeapSnapshot: true, takesScreenshot: true, unexpectedAlertBehaviour: , unhandledPromptBehavior: , version: 65.0.3325.181, webStorageEnabled: true}
Session ID: e662d41e735d701639356dc087d433c4
*** Element info: {Using=xpath, value=//a[contains(text(),'Abbas, Ibraheem')]}]]>
            </message>
            <full-stacktrace>
              <![CDATA[org.openqa.selenium.NoSuchElementException: no such element: Unable to locate element: {"method":"xpath","selector":"//a[contains(text(),'Abbas, Ibraheem')]"}
  (Session info: chrome=65.0.3325.181)
  (Driver info: chromedriver=2.36.540470 (e522d04694c7ebea4ba8821272dbef4f9b818c91),platform=Windows NT 6.3.9600 x86) (WARNING: The server did not provide any stacktrace information)
Command duration or timeout: 0 milliseconds
For documentation on this error, please visit: http://seleniumhq.org/exceptions/no_such_element.html
Build info: version: '3.7.1', revision: '8a0099a', time: '2017-11-06T21:01:39.354Z'
System info: host: 'ATISH', ip: '192.168.0.3', os.name: 'Windows 8.1', os.arch: 'x86', os.version: '6.3', java.version: '1.8.0_121'
Driver info: org.openqa.selenium.chrome.ChromeDriver
Capabilities {acceptInsecureCerts: false, acceptSslCerts: false, applicationCacheEnabled: false, browserConnectionEnabled: false, browserName: chrome, chrome: {chromedriverVersion: 2.36.540470 (e522d04694c7eb..., userDataDir: C:\Users\ATISHK~1\AppData\L...}, cssSelectorsEnabled: true, databaseEnabled: false, handlesAlerts: true, hasTouchScreen: false, javascriptEnabled: true, locationContextEnabled: true, mobileEmulationEnabled: false, nativeEvents: true, networkConnectionEnabled: false, pageLoadStrategy: normal, platform: XP, platformName: XP, rotatable: false, setWindowRect: true, takesHeapSnapshot: true, takesScreenshot: true, unexpectedAlertBehaviour: , unhandledPromptBehavior: , version: 65.0.3325.181, webStorageEnabled: true}
Session ID: e662d41e735d701639356dc087d433c4
*** Element info: {Using=xpath, value=//a[contains(text(),'Abbas, Ibraheem')]}
	at sun.reflect.NativeConstructorAccessorImpl.newInstance0(Native Method)
	at sun.reflect.NativeConstructorAccessorImpl.newInstance(NativeConstructorAccessorImpl.java:62)
	at sun.reflect.DelegatingConstructorAccessorImpl.newInstance(DelegatingConstructorAccessorImpl.java:45)
	at java.lang.reflect.Constructor.newInstance(Constructor.java:423)
	at org.openqa.selenium.remote.ErrorHandler.createThrowable(ErrorHandler.java:214)
	at org.openqa.selenium.remote.ErrorHandler.throwIfResponseFailed(ErrorHandler.java:166)
	at org.openqa.selenium.remote.http.JsonHttpResponseCodec.reconstructValue(JsonHttpResponseCodec.java:40)
	at org.openqa.selenium.remote.http.AbstractHttpResponseCodec.decode(AbstractHttpResponseCodec.java:80)
	at org.openqa.selenium.remote.http.AbstractHttpResponseCodec.decode(AbstractHttpResponseCodec.java:44)
	at org.openqa.selenium.remote.HttpCommandExecutor.execute(HttpCommandExecutor.java:164)
	at org.openqa.selenium.remote.service.DriverCommandExecutor.execute(DriverCommandExecutor.java:83)
	at org.openqa.selenium.remote.RemoteWebDriver.execute(RemoteWebDriver.java:600)
	at org.openqa.selenium.remote.RemoteWebDriver.findElement(RemoteWebDriver.java:370)
	at org.openqa.selenium.remote.RemoteWebDriver.findElementByXPath(RemoteWebDriver.java:472)
	at org.openqa.selenium.By$ByXPath.findElement(By.java:361)
	at org.openqa.selenium.remote.RemoteWebDriver.findElement(RemoteWebDriver.java:362)
	at TestUtility.Util.findElement(Util.java:129)
	at TestUtility.Util.waitForElement(Util.java:174)
	at TestCases.HomePageTest.clickOnProfessional(HomePageTest.java:71)
	at TestCases.HomePageTest.performSearch(HomePageTest.java:172)
	at sun.reflect.NativeMethodAccessorImpl.invoke0(Native Method)
	at sun.reflect.NativeMethodAccessorImpl.invoke(NativeMethodAccessorImpl.java:62)
	at sun.reflect.DelegatingMethodAccessorImpl.invoke(DelegatingMethodAccessorImpl.java:43)
	at java.lang.reflect.Method.invoke(Method.java:498)
	at org.testng.internal.MethodInvocationHelper.invokeMethod(MethodInvocationHelper.java:108)
	at org.testng.internal.Invoker.invokeMethod(Invoker.java:661)
	at org.testng.internal.Invoker.invokeTestMethod(Invoker.java:869)
	at org.testng.internal.Invoker.invokeTestMethods(Invoker.java:1193)
	at org.testng.internal.TestMethodWorker.invokeTestMethods(TestMethodWorker.java:126)
	at org.testng.internal.TestMethodWorker.run(TestMethodWorker.java:109)
	at java.util.concurrent.ThreadPoolExecutor.runWorker(ThreadPoolExecutor.java:1142)
	at java.util.concurrent.ThreadPoolExecutor$Worker.run(ThreadPoolExecutor.java:617)
	at java.lang.Thread.run(Thread.java:745)
]]>
            </full-stacktrace>
          </exception> <!-- org.openqa.selenium.NoSuchElementException -->
          <reporter-output>
          </reporter-output>
        </test-method> <!-- performSearch -->
        <test-method status="PASS" signature="tearDown(org.testng.ITestResult)[pri:0, instance:TestCases.HomePageTest@a3ffec]" name="tearDown" is-config="true" duration-ms="2720" started-at="2018-04-08T19:24:00Z" finished-at="2018-04-08T19:24:03Z">
          <params>
            <param index="0">
              <value>
                <![CDATA[[TestResult name=performSearch status=SKIP method=HomePageTest.performSearch(java.lang.String, java.lang.String, java.lang.String, java.lang.String, java.lang.String)[pri:0, instance:TestCases.HomePageTest@a3ffec] output={null}]]]>
              </value>
            </param>
          </params>
          <reporter-output>
          </reporter-output>
        </test-method> <!-- tearDown -->
        <test-method status="PASS" signature="setup()[pri:0, instance:TestCases.HomePageTest@a3ffec]" name="setup" is-config="true" duration-ms="20113" started-at="2018-04-08T19:24:03Z" finished-at="2018-04-08T19:24:23Z">
          <reporter-output>
          </reporter-output>
        </test-method> <!-- setup -->
        <test-method status="PASS" signature="performSearch(java.lang.String, java.lang.String, java.lang.String, java.lang.String, java.lang.String)[pri:0, instance:TestCases.HomePageTest@a3ffec]" name="performSearch" duration-ms="31610" started-at="2018-04-08T19:24:23Z" data-provider="SearchTestData" finished-at="2018-04-08T19:24:54Z">
          <params>
            <param index="0">
              <value>
                <![CDATA[Gary Abbott]]>
              </value>
            </param>
            <param index="1">
              <value>
                <![CDATA[PNH - HCP]]>
              </value>
            </param>
            <param index="2">
              <value>
                <![CDATA[]]>
              </value>
            </param>
            <param index="3">
              <value>
                <![CDATA[563]]>
              </value>
            </param>
            <param index="4">
              <value>
                <![CDATA[2534]]>
              </value>
            </param>
          </params>
          <reporter-output>
          </reporter-output>
        </test-method> <!-- performSearch -->
        <test-method status="PASS" signature="tearDown(org.testng.ITestResult)[pri:0, instance:TestCases.HomePageTest@a3ffec]" name="tearDown" is-config="true" duration-ms="528" started-at="2018-04-08T19:24:54Z" finished-at="2018-04-08T19:24:55Z">
          <params>
            <param index="0">
              <value>
                <![CDATA[[TestResult name=performSearch status=SUCCESS method=HomePageTest.performSearch(java.lang.String, java.lang.String, java.lang.String, java.lang.String, java.lang.String)[pri:0, instance:TestCases.HomePageTest@a3ffec] output={null}]]]>
              </value>
            </param>
          </params>
          <reporter-output>
          </reporter-output>
        </test-method> <!-- tearDown -->
        <test-method status="PASS" signature="setup()[pri:0, instance:TestCases.HomePageTest@a3ffec]" name="setup" is-config="true" duration-ms="19126" started-at="2018-04-08T19:24:55Z" finished-at="2018-04-08T19:25:14Z">
          <reporter-output>
          </reporter-output>
        </test-method> <!-- setup -->
        <test-method status="PASS" signature="performSearch(java.lang.String, java.lang.String, java.lang.String, java.lang.String, java.lang.String)[pri:0, instance:TestCases.HomePageTest@a3ffec]" name="performSearch" duration-ms="39391" started-at="2018-04-08T19:25:14Z" data-provider="SearchTestData" finished-at="2018-04-08T19:25:53Z">
          <params>
            <param index="0">
              <value>
                <![CDATA[Gary Abbott]]>
              </value>
            </param>
            <param index="1">
              <value>
                <![CDATA[ref gMG / gMG - HCO]]>
              </value>
            </param>
            <param index="2">
              <value>
                <![CDATA[]]>
              </value>
            </param>
            <param index="3">
              <value>
                <![CDATA[563]]>
              </value>
            </param>
            <param index="4">
              <value>
                <![CDATA[2534]]>
              </value>
            </param>
          </params>
          <reporter-output>
          </reporter-output>
        </test-method> <!-- performSearch -->
        <test-method status="PASS" signature="tearDown(org.testng.ITestResult)[pri:0, instance:TestCases.HomePageTest@a3ffec]" name="tearDown" is-config="true" duration-ms="2938" started-at="2018-04-08T19:25:53Z" finished-at="2018-04-08T19:25:56Z">
          <params>
            <param index="0">
              <value>
                <![CDATA[[TestResult name=performSearch status=SUCCESS method=HomePageTest.performSearch(java.lang.String, java.lang.String, java.lang.String, java.lang.String, java.lang.String)[pri:0, instance:TestCases.HomePageTest@a3ffec] output={null}]]]>
              </value>
            </param>
          </params>
          <reporter-output>
          </reporter-output>
        </test-method> <!-- tearDown -->
        <test-method status="PASS" signature="setup()[pri:0, instance:TestCases.HomePageTest@a3ffec]" name="setup" is-config="true" duration-ms="24220" started-at="2018-04-08T19:25:56Z" finished-at="2018-04-08T19:26:21Z">
          <reporter-output>
          </reporter-output>
        </test-method> <!-- setup -->
        <test-method status="PASS" signature="performSearch(java.lang.String, java.lang.String, java.lang.String, java.lang.String, java.lang.String)[pri:0, instance:TestCases.HomePageTest@a3ffec]" name="performSearch" duration-ms="35176" started-at="2018-04-08T19:26:21Z" data-provider="SearchTestData" finished-at="2018-04-08T19:26:56Z">
          <params>
            <param index="0">
              <value>
                <![CDATA[Gary Abbott]]>
              </value>
            </param>
            <param index="1">
              <value>
                <![CDATA[ref gMG - HCP]]>
              </value>
            </param>
            <param index="2">
              <value>
                <![CDATA[]]>
              </value>
            </param>
            <param index="3">
              <value>
                <![CDATA[563]]>
              </value>
            </param>
            <param index="4">
              <value>
                <![CDATA[2534]]>
              </value>
            </param>
          </params>
          <reporter-output>
          </reporter-output>
        </test-method> <!-- performSearch -->
        <test-method status="PASS" signature="tearDown(org.testng.ITestResult)[pri:0, instance:TestCases.HomePageTest@a3ffec]" name="tearDown" is-config="true" duration-ms="2813" started-at="2018-04-08T19:26:56Z" finished-at="2018-04-08T19:26:59Z">
          <params>
            <param index="0">
              <value>
                <![CDATA[[TestResult name=performSearch status=SUCCESS method=HomePageTest.performSearch(java.lang.String, java.lang.String, java.lang.String, java.lang.String, java.lang.String)[pri:0, instance:TestCases.HomePageTest@a3ffec] output={null}]]]>
              </value>
            </param>
          </params>
          <reporter-output>
          </reporter-output>
        </test-method> <!-- tearDown -->
      </class> <!-- TestCases.HomePageTest -->
    </test> <!-- Test -->
  </suite> <!-- Suite -->
</testng-results>
